<?xml version="1.0" encoding="UTF-8"?>
<testng-results skipped="0" failed="0" total="1" passed="1">
  <reporter-output>
  </reporter-output>
  <suite name="Default suite" duration-ms="32" started-at="2021-01-22T13:05:15Z" finished-at="2021-01-22T13:05:15Z">
    <groups>
    </groups>
    <test name="Default test" duration-ms="32" started-at="2021-01-22T13:05:15Z" finished-at="2021-01-22T13:05:15Z">
      <class name="scripts.SecondScript">
        <test-method status="PASS" signature="hello()[pri:0, instance:scripts.SecondScript@48eff760]" name="hello" duration-ms="16" started-at="2021-01-22T18:35:15Z" finished-at="2021-01-22T18:35:15Z">
          <reporter-output>
          </reporter-output>
        </test-method> <!-- hello -->
      </class> <!-- scripts.SecondScript -->
    </test> <!-- Default test -->
  </suite> <!-- Default suite -->
</testng-results>
